<?xml version="1.0" encoding="UTF-8"?>
<!-- Generated by org.testng.reporters.JUnitReportReporter -->
<testsuite hostname="MLBMYSL1-107044" failures="0" tests="1" name="testCases.TC001_AccountRegistration5" time="5.591" errors="0" timestamp="2025-07-22T11:52:38 IST" skipped="0">
  <testcase classname="testCases.TC001_AccountRegistration5" name="account_registration" time="5.591"/>
</testsuite> <!-- testCases.TC001_AccountRegistration5 -->
