<?xml version="1.0" encoding="UTF-8"?>
<!-- Generated by org.testng.reporters.JUnitReportReporter -->
<testsuite hostname="MLBMYSL1-107044" failures="0" tests="1" name="testCases.TC002_LoginTest8" time="1.662" errors="0" timestamp="2025-07-18T14:35:38 IST" skipped="0">
  <testcase classname="testCases.TC002_LoginTest8" name="login_test" time="1.662"/>
</testsuite> <!-- testCases.TC002_LoginTest8 -->
