<?xml version="1.0" encoding="UTF-8"?>
<!-- Generated by org.testng.reporters.JUnitReportReporter -->
<testsuite hostname="MLBMYSL1-107044" failures="0" tests="1" name="testCases.TC002_LoginTest" time="2.663" errors="0" timestamp="2025-07-15T15:35:53 IST" skipped="0">
  <testcase classname="testCases.TC002_LoginTest" name="login_test" time="2.663"/>
</testsuite> <!-- testCases.TC002_LoginTest -->
